[0.132s] DEBUG:colcon:Command line arguments: ['/usr/bin/colcon', 'list', '-p', '--base-paths', '/home/lee/Desktop/baris-1']
[0.132s] DEBUG:colcon:Parsed command line arguments: Namespace(log_base=None, log_level=None, verb_name='list', build_base='build', ignore_user_meta=False, metas=['./colcon.meta'], base_paths=['/home/lee/Desktop/baris-1'], packages_ignore=None, packages_ignore_regex=None, paths=None, packages_up_to=None, packages_up_to_regex=None, packages_above=None, packages_above_and_dependencies=None, packages_above_depth=None, packages_select_by_dep=None, packages_skip_by_dep=None, packages_skip_up_to=None, packages_select_build_failed=False, packages_skip_build_finished=False, packages_select_test_failures=False, packages_skip_test_passed=False, packages_select=None, packages_skip=None, packages_select_regex=None, packages_skip_regex=None, packages_start=None, packages_end=None, allow_overriding=[], topological_order=False, names_only=False, paths_only=True, topological_graph=False, topological_graph_dot=False, topological_graph_density=False, topological_graph_legend=False, topological_graph_dot_cluster=False, topological_graph_dot_include_skipped=False, mixin_files=None, mixin=None, verb_parser=<colcon_mixin.mixin.mixin_argument.MixinArgumentDecorator object at 0x75051127fa00>, verb_extension=<colcon_package_information.verb.list.ListVerb object at 0x75051127ea70>, main=<bound method ListVerb.main of <colcon_package_information.verb.list.ListVerb object at 0x75051127ea70>>, mixin_verb=('list',))
[0.347s] Level 1:colcon.colcon_core.package_discovery:discover_packages(colcon_meta) check parameters
[0.347s] Level 1:colcon.colcon_core.package_discovery:discover_packages(recursive) check parameters
[0.347s] Level 1:colcon.colcon_core.package_discovery:discover_packages(ignore) check parameters
[0.347s] Level 1:colcon.colcon_core.package_discovery:discover_packages(path) check parameters
[0.347s] Level 1:colcon.colcon_core.package_discovery:discover_packages(recursive) discover
[0.347s] INFO:colcon.colcon_core.package_discovery:Crawling recursively for packages in '/home/lee/Desktop/baris-1'
[0.347s] Level 1:colcon.colcon_core.package_identification:_identify(/home/lee/Desktop/baris-1) by extensions ['ignore', 'ignore_ament_install']
[0.347s] Level 1:colcon.colcon_core.package_identification:_identify(/home/lee/Desktop/baris-1) by extension 'ignore'
[0.347s] Level 1:colcon.colcon_core.package_identification:_identify(/home/lee/Desktop/baris-1) by extension 'ignore_ament_install'
[0.347s] Level 1:colcon.colcon_core.package_identification:_identify(/home/lee/Desktop/baris-1) by extensions ['colcon_pkg']
[0.347s] Level 1:colcon.colcon_core.package_identification:_identify(/home/lee/Desktop/baris-1) by extension 'colcon_pkg'
[0.347s] Level 1:colcon.colcon_core.package_identification:_identify(/home/lee/Desktop/baris-1) by extensions ['colcon_meta']
[0.347s] Level 1:colcon.colcon_core.package_identification:_identify(/home/lee/Desktop/baris-1) by extension 'colcon_meta'
[0.347s] Level 1:colcon.colcon_core.package_identification:_identify(/home/lee/Desktop/baris-1) by extensions ['ros']
[0.347s] Level 1:colcon.colcon_core.package_identification:_identify(/home/lee/Desktop/baris-1) by extension 'ros'
[0.366s] Level 1:colcon.colcon_core.package_identification:_identify(/home/lee/Desktop/baris-1) by extensions ['cmake', 'python']
[0.366s] Level 1:colcon.colcon_core.package_identification:_identify(/home/lee/Desktop/baris-1) by extension 'cmake'
[0.366s] Level 1:colcon.colcon_core.package_identification:_identify(/home/lee/Desktop/baris-1) by extension 'python'
[0.366s] Level 1:colcon.colcon_core.package_identification:_identify(/home/lee/Desktop/baris-1) by extensions ['python_setup_py']
[0.366s] Level 1:colcon.colcon_core.package_identification:_identify(/home/lee/Desktop/baris-1) by extension 'python_setup_py'
[0.366s] Level 1:colcon.colcon_core.package_identification:_identify(/home/lee/Desktop/baris-1/log) by extensions ['ignore', 'ignore_ament_install']
[0.366s] Level 1:colcon.colcon_core.package_identification:_identify(/home/lee/Desktop/baris-1/log) by extension 'ignore'
[0.366s] Level 1:colcon.colcon_core.package_identification:_identify(/home/lee/Desktop/baris-1/log) ignored
[0.366s] Level 1:colcon.colcon_core.package_identification:_identify(/home/lee/Desktop/baris-1/src) by extensions ['ignore', 'ignore_ament_install']
[0.366s] Level 1:colcon.colcon_core.package_identification:_identify(/home/lee/Desktop/baris-1/src) by extension 'ignore'
[0.366s] Level 1:colcon.colcon_core.package_identification:_identify(/home/lee/Desktop/baris-1/src) by extension 'ignore_ament_install'
[0.366s] Level 1:colcon.colcon_core.package_identification:_identify(/home/lee/Desktop/baris-1/src) by extensions ['colcon_pkg']
[0.366s] Level 1:colcon.colcon_core.package_identification:_identify(/home/lee/Desktop/baris-1/src) by extension 'colcon_pkg'
[0.366s] Level 1:colcon.colcon_core.package_identification:_identify(/home/lee/Desktop/baris-1/src) by extensions ['colcon_meta']
[0.366s] Level 1:colcon.colcon_core.package_identification:_identify(/home/lee/Desktop/baris-1/src) by extension 'colcon_meta'
[0.366s] Level 1:colcon.colcon_core.package_identification:_identify(/home/lee/Desktop/baris-1/src) by extensions ['ros']
[0.366s] Level 1:colcon.colcon_core.package_identification:_identify(/home/lee/Desktop/baris-1/src) by extension 'ros'
[0.366s] Level 1:colcon.colcon_core.package_identification:_identify(/home/lee/Desktop/baris-1/src) by extensions ['cmake', 'python']
[0.366s] Level 1:colcon.colcon_core.package_identification:_identify(/home/lee/Desktop/baris-1/src) by extension 'cmake'
[0.367s] Level 1:colcon.colcon_core.package_identification:_identify(/home/lee/Desktop/baris-1/src) by extension 'python'
[0.367s] Level 1:colcon.colcon_core.package_identification:_identify(/home/lee/Desktop/baris-1/src) by extensions ['python_setup_py']
[0.367s] Level 1:colcon.colcon_core.package_identification:_identify(/home/lee/Desktop/baris-1/src) by extension 'python_setup_py'
[0.367s] Level 1:colcon.colcon_core.package_identification:_identify(/home/lee/Desktop/baris-1/src/library) by extensions ['ignore', 'ignore_ament_install']
[0.367s] Level 1:colcon.colcon_core.package_identification:_identify(/home/lee/Desktop/baris-1/src/library) by extension 'ignore'
[0.367s] Level 1:colcon.colcon_core.package_identification:_identify(/home/lee/Desktop/baris-1/src/library) by extension 'ignore_ament_install'
[0.367s] Level 1:colcon.colcon_core.package_identification:_identify(/home/lee/Desktop/baris-1/src/library) by extensions ['colcon_pkg']
[0.367s] Level 1:colcon.colcon_core.package_identification:_identify(/home/lee/Desktop/baris-1/src/library) by extension 'colcon_pkg'
[0.367s] Level 1:colcon.colcon_core.package_identification:_identify(/home/lee/Desktop/baris-1/src/library) by extensions ['colcon_meta']
[0.367s] Level 1:colcon.colcon_core.package_identification:_identify(/home/lee/Desktop/baris-1/src/library) by extension 'colcon_meta'
[0.367s] Level 1:colcon.colcon_core.package_identification:_identify(/home/lee/Desktop/baris-1/src/library) by extensions ['ros']
[0.367s] Level 1:colcon.colcon_core.package_identification:_identify(/home/lee/Desktop/baris-1/src/library) by extension 'ros'
[0.369s] DEBUG:colcon.colcon_core.package_identification:Package '/home/lee/Desktop/baris-1/src/library' with type 'ros.ament_python' and name 'library'
[0.369s] Level 1:colcon.colcon_core.package_identification:_identify(/home/lee/Desktop/baris-1/src/message) by extensions ['ignore', 'ignore_ament_install']
[0.369s] Level 1:colcon.colcon_core.package_identification:_identify(/home/lee/Desktop/baris-1/src/message) by extension 'ignore'
[0.369s] Level 1:colcon.colcon_core.package_identification:_identify(/home/lee/Desktop/baris-1/src/message) by extension 'ignore_ament_install'
[0.369s] Level 1:colcon.colcon_core.package_identification:_identify(/home/lee/Desktop/baris-1/src/message) by extensions ['colcon_pkg']
[0.369s] Level 1:colcon.colcon_core.package_identification:_identify(/home/lee/Desktop/baris-1/src/message) by extension 'colcon_pkg'
[0.369s] Level 1:colcon.colcon_core.package_identification:_identify(/home/lee/Desktop/baris-1/src/message) by extensions ['colcon_meta']
[0.369s] Level 1:colcon.colcon_core.package_identification:_identify(/home/lee/Desktop/baris-1/src/message) by extension 'colcon_meta'
[0.369s] Level 1:colcon.colcon_core.package_identification:_identify(/home/lee/Desktop/baris-1/src/message) by extensions ['ros']
[0.369s] Level 1:colcon.colcon_core.package_identification:_identify(/home/lee/Desktop/baris-1/src/message) by extension 'ros'
[0.369s] DEBUG:colcon.colcon_core.package_identification:Package '/home/lee/Desktop/baris-1/src/message' with type 'ros.ament_cmake' and name 'message'
[0.369s] Level 1:colcon.colcon_core.package_identification:_identify(/home/lee/Desktop/baris-1/src/robot_system) by extensions ['ignore', 'ignore_ament_install']
[0.369s] Level 1:colcon.colcon_core.package_identification:_identify(/home/lee/Desktop/baris-1/src/robot_system) by extension 'ignore'
[0.370s] Level 1:colcon.colcon_core.package_identification:_identify(/home/lee/Desktop/baris-1/src/robot_system) by extension 'ignore_ament_install'
[0.370s] Level 1:colcon.colcon_core.package_identification:_identify(/home/lee/Desktop/baris-1/src/robot_system) by extensions ['colcon_pkg']
[0.370s] Level 1:colcon.colcon_core.package_identification:_identify(/home/lee/Desktop/baris-1/src/robot_system) by extension 'colcon_pkg'
[0.370s] Level 1:colcon.colcon_core.package_identification:_identify(/home/lee/Desktop/baris-1/src/robot_system) by extensions ['colcon_meta']
[0.370s] Level 1:colcon.colcon_core.package_identification:_identify(/home/lee/Desktop/baris-1/src/robot_system) by extension 'colcon_meta'
[0.370s] Level 1:colcon.colcon_core.package_identification:_identify(/home/lee/Desktop/baris-1/src/robot_system) by extensions ['ros']
[0.370s] Level 1:colcon.colcon_core.package_identification:_identify(/home/lee/Desktop/baris-1/src/robot_system) by extension 'ros'
[0.370s] DEBUG:colcon.colcon_core.package_identification:Package '/home/lee/Desktop/baris-1/src/robot_system' with type 'ros.ament_python' and name 'robot_system'
[0.370s] Level 1:colcon.colcon_core.package_discovery:discover_packages(recursive) using defaults
